<?xml version="1.0" encoding="UTF-8"?>
<testsuites name="jest tests" tests="1" failures="0" errors="0" time="4.042">
  <testsuite name="test/user.test.ts" errors="0" failures="0" skipped="0" timestamp="2023-01-22T22:55:50" time="3.994" tests="1">
    <testcase classname="POST /user-user login" name="POST /user-user login" time="2.273">
    </testcase>
  </testsuite>
</testsuites>